<?xml version="1.0" encoding="UTF-8"?>
<!-- Generated by org.testng.reporters.JUnitReportReporter -->
<testsuite name="demoSample.DemoTest" tests="1" time="21.638" ignored="0" failures="0" timestamp="26 Mar 2020 07:44:11 GMT" skipped="0" hostname="IN-5CG7192B5M" errors="0">
  <testcase name="m" time="21.638" classname="demoSample.DemoTest"/>
</testsuite> <!-- demoSample.DemoTest -->
